<?xml version="1.0" encoding="UTF-8"?>
<!-- Generated by org.testng.reporters.JUnitReportReporter -->
<testsuite hostname="EC2AMAZ-S11DBRH" failures="0" tests="2" name="testScripts.GooglePageTest" time="7.417" errors="0" timestamp="2024-04-25T07:32:21 GMT" skipped="0">
  <testcase classname="testScripts.GooglePageTest" name="JavaTutorialsearch" time="4.016"/>
  <system-out/>
  <testcase classname="testScripts.GooglePageTest" name="JavaTutorialsearch1" time="3.401"/>
  <system-out/>
</testsuite> <!-- testScripts.GooglePageTest -->
